This is pdfTeX, Version 3.14159265-2.6-1.40.17 (MiKTeX 2.9.6210 64-bit) (preloaded format=pdflatex 2017.3.11)  14 APR 2017 14:26
entering extended mode
**./lab7.tex
(lab7.tex
LaTeX2e <2017/01/01> patch level 1
Babel <3.9r> and hyphenation patterns for 75 language(s) loaded.
("C:\Igor\Programm\MikTex 2.9\tex\latex\base\article.cls"
Document Class: article 2014/09/29 v1.4h Standard LaTeX document class
("C:\Igor\Programm\MikTex 2.9\tex\latex\base\size11.clo"
File: size11.clo 2014/09/29 v1.4h Standard LaTeX file (size option)
)
\c@part=\count79
\c@section=\count80
\c@subsection=\count81
\c@subsubsection=\count82
\c@paragraph=\count83
\c@subparagraph=\count84
\c@figure=\count85
\c@table=\count86
\abovecaptionskip=\skip41
\belowcaptionskip=\skip42
\bibindent=\dimen102
)
("C:\Igor\Programm\MikTex 2.9\tex\latex\base\fontenc.sty"
Package: fontenc 2017/01/24 v2.0c Standard LaTeX package

("C:\Igor\Programm\MikTex 2.9\tex\latex\cyrillic\t2aenc.def"
File: t2aenc.def 2005/09/27 v1.0i Cyrillic encoding definition file
)
LaTeX Font Info:    Try loading font information for T2A+cmr on input line 105.


("C:\Igor\Programm\MikTex 2.9\tex\latex\cyrillic\t2acmr.fd"
File: t2acmr.fd 2001/08/11 v1.0a Computer Modern Cyrillic font definitions
))
("C:\Igor\Programm\MikTex 2.9\tex\latex\base\inputenc.sty"
Package: inputenc 2015/03/17 v1.2c Input encoding file
\inpenc@prehook=\toks14
\inpenc@posthook=\toks15

("C:\Igor\Programm\MikTex 2.9\tex\latex\base\utf8.def"
File: utf8.def 2016/02/28 v1.1s UTF-8 support for inputenc
Now handling font encoding OML ...
... no UTF-8 mapping file for font encoding OML
Now handling font encoding T1 ...
... processing UTF-8 mapping file for font encoding T1

("C:\Igor\Programm\MikTex 2.9\tex\latex\base\t1enc.dfu"
File: t1enc.dfu 2016/02/28 v1.1s UTF-8 support for inputenc
   defining Unicode char U+00A0 (decimal 160)
   defining Unicode char U+00A1 (decimal 161)
   defining Unicode char U+00A3 (decimal 163)
   defining Unicode char U+00AB (decimal 171)
   defining Unicode char U+00AD (decimal 173)
   defining Unicode char U+00BB (decimal 187)
   defining Unicode char U+00BF (decimal 191)
   defining Unicode char U+00C0 (decimal 192)
   defining Unicode char U+00C1 (decimal 193)
   defining Unicode char U+00C2 (decimal 194)
   defining Unicode char U+00C3 (decimal 195)
   defining Unicode char U+00C4 (decimal 196)
   defining Unicode char U+00C5 (decimal 197)
   defining Unicode char U+00C6 (decimal 198)
   defining Unicode char U+00C7 (decimal 199)
   defining Unicode char U+00C8 (decimal 200)
   defining Unicode char U+00C9 (decimal 201)
   defining Unicode char U+00CA (decimal 202)
   defining Unicode char U+00CB (decimal 203)
   defining Unicode char U+00CC (decimal 204)
   defining Unicode char U+00CD (decimal 205)
   defining Unicode char U+00CE (decimal 206)
   defining Unicode char U+00CF (decimal 207)
   defining Unicode char U+00D0 (decimal 208)
   defining Unicode char U+00D1 (decimal 209)
   defining Unicode char U+00D2 (decimal 210)
   defining Unicode char U+00D3 (decimal 211)
   defining Unicode char U+00D4 (decimal 212)
   defining Unicode char U+00D5 (decimal 213)
   defining Unicode char U+00D6 (decimal 214)
   defining Unicode char U+00D8 (decimal 216)
   defining Unicode char U+00D9 (decimal 217)
   defining Unicode char U+00DA (decimal 218)
   defining Unicode char U+00DB (decimal 219)
   defining Unicode char U+00DC (decimal 220)
   defining Unicode char U+00DD (decimal 221)
   defining Unicode char U+00DE (decimal 222)
   defining Unicode char U+00DF (decimal 223)
   defining Unicode char U+00E0 (decimal 224)
   defining Unicode char U+00E1 (decimal 225)
   defining Unicode char U+00E2 (decimal 226)
   defining Unicode char U+00E3 (decimal 227)
   defining Unicode char U+00E4 (decimal 228)
   defining Unicode char U+00E5 (decimal 229)
   defining Unicode char U+00E6 (decimal 230)
   defining Unicode char U+00E7 (decimal 231)
   defining Unicode char U+00E8 (decimal 232)
   defining Unicode char U+00E9 (decimal 233)
   defining Unicode char U+00EA (decimal 234)
   defining Unicode char U+00EB (decimal 235)
   defining Unicode char U+00EC (decimal 236)
   defining Unicode char U+00ED (decimal 237)
   defining Unicode char U+00EE (decimal 238)
   defining Unicode char U+00EF (decimal 239)
   defining Unicode char U+00F0 (decimal 240)
   defining Unicode char U+00F1 (decimal 241)
   defining Unicode char U+00F2 (decimal 242)
   defining Unicode char U+00F3 (decimal 243)
   defining Unicode char U+00F4 (decimal 244)
   defining Unicode char U+00F5 (decimal 245)
   defining Unicode char U+00F6 (decimal 246)
   defining Unicode char U+00F8 (decimal 248)
   defining Unicode char U+00F9 (decimal 249)
   defining Unicode char U+00FA (decimal 250)
   defining Unicode char U+00FB (decimal 251)
   defining Unicode char U+00FC (decimal 252)
   defining Unicode char U+00FD (decimal 253)
   defining Unicode char U+00FE (decimal 254)
   defining Unicode char U+00FF (decimal 255)
   defining Unicode char U+0100 (decimal 256)
   defining Unicode char U+0101 (decimal 257)
   defining Unicode char U+0102 (decimal 258)
   defining Unicode char U+0103 (decimal 259)
   defining Unicode char U+0104 (decimal 260)
   defining Unicode char U+0105 (decimal 261)
   defining Unicode char U+0106 (decimal 262)
   defining Unicode char U+0107 (decimal 263)
   defining Unicode char U+0108 (decimal 264)
   defining Unicode char U+0109 (decimal 265)
   defining Unicode char U+010A (decimal 266)
   defining Unicode char U+010B (decimal 267)
   defining Unicode char U+010C (decimal 268)
   defining Unicode char U+010D (decimal 269)
   defining Unicode char U+010E (decimal 270)
   defining Unicode char U+010F (decimal 271)
   defining Unicode char U+0110 (decimal 272)
   defining Unicode char U+0111 (decimal 273)
   defining Unicode char U+0112 (decimal 274)
   defining Unicode char U+0113 (decimal 275)
   defining Unicode char U+0114 (decimal 276)
   defining Unicode char U+0115 (decimal 277)
   defining Unicode char U+0116 (decimal 278)
   defining Unicode char U+0117 (decimal 279)
   defining Unicode char U+0118 (decimal 280)
   defining Unicode char U+0119 (decimal 281)
   defining Unicode char U+011A (decimal 282)
   defining Unicode char U+011B (decimal 283)
   defining Unicode char U+011C (decimal 284)
   defining Unicode char U+011D (decimal 285)
   defining Unicode char U+011E (decimal 286)
   defining Unicode char U+011F (decimal 287)
   defining Unicode char U+0120 (decimal 288)
   defining Unicode char U+0121 (decimal 289)
   defining Unicode char U+0122 (decimal 290)
   defining Unicode char U+0123 (decimal 291)
   defining Unicode char U+0124 (decimal 292)
   defining Unicode char U+0125 (decimal 293)
   defining Unicode char U+0128 (decimal 296)
   defining Unicode char U+0129 (decimal 297)
   defining Unicode char U+012A (decimal 298)
   defining Unicode char U+012B (decimal 299)
   defining Unicode char U+012C (decimal 300)
   defining Unicode char U+012D (decimal 301)
   defining Unicode char U+012E (decimal 302)
   defining Unicode char U+012F (decimal 303)
   defining Unicode char U+0130 (decimal 304)
   defining Unicode char U+0131 (decimal 305)
   defining Unicode char U+0132 (decimal 306)
   defining Unicode char U+0133 (decimal 307)
   defining Unicode char U+0134 (decimal 308)
   defining Unicode char U+0135 (decimal 309)
   defining Unicode char U+0136 (decimal 310)
   defining Unicode char U+0137 (decimal 311)
   defining Unicode char U+0139 (decimal 313)
   defining Unicode char U+013A (decimal 314)
   defining Unicode char U+013B (decimal 315)
   defining Unicode char U+013C (decimal 316)
   defining Unicode char U+013D (decimal 317)
   defining Unicode char U+013E (decimal 318)
   defining Unicode char U+0141 (decimal 321)
   defining Unicode char U+0142 (decimal 322)
   defining Unicode char U+0143 (decimal 323)
   defining Unicode char U+0144 (decimal 324)
   defining Unicode char U+0145 (decimal 325)
   defining Unicode char U+0146 (decimal 326)
   defining Unicode char U+0147 (decimal 327)
   defining Unicode char U+0148 (decimal 328)
   defining Unicode char U+014A (decimal 330)
   defining Unicode char U+014B (decimal 331)
   defining Unicode char U+014C (decimal 332)
   defining Unicode char U+014D (decimal 333)
   defining Unicode char U+014E (decimal 334)
   defining Unicode char U+014F (decimal 335)
   defining Unicode char U+0150 (decimal 336)
   defining Unicode char U+0151 (decimal 337)
   defining Unicode char U+0152 (decimal 338)
   defining Unicode char U+0153 (decimal 339)
   defining Unicode char U+0154 (decimal 340)
   defining Unicode char U+0155 (decimal 341)
   defining Unicode char U+0156 (decimal 342)
   defining Unicode char U+0157 (decimal 343)
   defining Unicode char U+0158 (decimal 344)
   defining Unicode char U+0159 (decimal 345)
   defining Unicode char U+015A (decimal 346)
   defining Unicode char U+015B (decimal 347)
   defining Unicode char U+015C (decimal 348)
   defining Unicode char U+015D (decimal 349)
   defining Unicode char U+015E (decimal 350)
   defining Unicode char U+015F (decimal 351)
   defining Unicode char U+0160 (decimal 352)
   defining Unicode char U+0161 (decimal 353)
   defining Unicode char U+0162 (decimal 354)
   defining Unicode char U+0163 (decimal 355)
   defining Unicode char U+0164 (decimal 356)
   defining Unicode char U+0165 (decimal 357)
   defining Unicode char U+0168 (decimal 360)
   defining Unicode char U+0169 (decimal 361)
   defining Unicode char U+016A (decimal 362)
   defining Unicode char U+016B (decimal 363)
   defining Unicode char U+016C (decimal 364)
   defining Unicode char U+016D (decimal 365)
   defining Unicode char U+016E (decimal 366)
   defining Unicode char U+016F (decimal 367)
   defining Unicode char U+0170 (decimal 368)
   defining Unicode char U+0171 (decimal 369)
   defining Unicode char U+0172 (decimal 370)
   defining Unicode char U+0173 (decimal 371)
   defining Unicode char U+0174 (decimal 372)
   defining Unicode char U+0175 (decimal 373)
   defining Unicode char U+0176 (decimal 374)
   defining Unicode char U+0177 (decimal 375)
   defining Unicode char U+0178 (decimal 376)
   defining Unicode char U+0179 (decimal 377)
   defining Unicode char U+017A (decimal 378)
   defining Unicode char U+017B (decimal 379)
   defining Unicode char U+017C (decimal 380)
   defining Unicode char U+017D (decimal 381)
   defining Unicode char U+017E (decimal 382)
   defining Unicode char U+01CD (decimal 461)
   defining Unicode char U+01CE (decimal 462)
   defining Unicode char U+01CF (decimal 463)
   defining Unicode char U+01D0 (decimal 464)
   defining Unicode char U+01D1 (decimal 465)
   defining Unicode char U+01D2 (decimal 466)
   defining Unicode char U+01D3 (decimal 467)
   defining Unicode char U+01D4 (decimal 468)
   defining Unicode char U+01E2 (decimal 482)
   defining Unicode char U+01E3 (decimal 483)
   defining Unicode char U+01E6 (decimal 486)
   defining Unicode char U+01E7 (decimal 487)
   defining Unicode char U+01E8 (decimal 488)
   defining Unicode char U+01E9 (decimal 489)
   defining Unicode char U+01EA (decimal 490)
   defining Unicode char U+01EB (decimal 491)
   defining Unicode char U+01F0 (decimal 496)
   defining Unicode char U+01F4 (decimal 500)
   defining Unicode char U+01F5 (decimal 501)
   defining Unicode char U+0218 (decimal 536)
   defining Unicode char U+0219 (decimal 537)
   defining Unicode char U+021A (decimal 538)
   defining Unicode char U+021B (decimal 539)
   defining Unicode char U+1E02 (decimal 7682)
   defining Unicode char U+1E03 (decimal 7683)
   defining Unicode char U+200C (decimal 8204)
   defining Unicode char U+2010 (decimal 8208)
   defining Unicode char U+2011 (decimal 8209)
   defining Unicode char U+2012 (decimal 8210)
   defining Unicode char U+2013 (decimal 8211)
   defining Unicode char U+2014 (decimal 8212)
   defining Unicode char U+2015 (decimal 8213)
   defining Unicode char U+2018 (decimal 8216)
   defining Unicode char U+2019 (decimal 8217)
   defining Unicode char U+201A (decimal 8218)
   defining Unicode char U+201C (decimal 8220)
   defining Unicode char U+201D (decimal 8221)
   defining Unicode char U+201E (decimal 8222)
   defining Unicode char U+2030 (decimal 8240)
   defining Unicode char U+2031 (decimal 8241)
   defining Unicode char U+2039 (decimal 8249)
   defining Unicode char U+203A (decimal 8250)
   defining Unicode char U+2423 (decimal 9251)
)
Now handling font encoding OT1 ...
... processing UTF-8 mapping file for font encoding OT1

("C:\Igor\Programm\MikTex 2.9\tex\latex\base\ot1enc.dfu"
File: ot1enc.dfu 2016/02/28 v1.1s UTF-8 support for inputenc
   defining Unicode char U+00A0 (decimal 160)
   defining Unicode char U+00A1 (decimal 161)
   defining Unicode char U+00A3 (decimal 163)
   defining Unicode char U+00AD (decimal 173)
   defining Unicode char U+00B8 (decimal 184)
   defining Unicode char U+00BF (decimal 191)
   defining Unicode char U+00C5 (decimal 197)
   defining Unicode char U+00C6 (decimal 198)
   defining Unicode char U+00D8 (decimal 216)
   defining Unicode char U+00DF (decimal 223)
   defining Unicode char U+00E6 (decimal 230)
   defining Unicode char U+00EC (decimal 236)
   defining Unicode char U+00ED (decimal 237)
   defining Unicode char U+00EE (decimal 238)
   defining Unicode char U+00EF (decimal 239)
   defining Unicode char U+00F8 (decimal 248)
   defining Unicode char U+0131 (decimal 305)
   defining Unicode char U+0141 (decimal 321)
   defining Unicode char U+0142 (decimal 322)
   defining Unicode char U+0152 (decimal 338)
   defining Unicode char U+0153 (decimal 339)
   defining Unicode char U+0174 (decimal 372)
   defining Unicode char U+0175 (decimal 373)
   defining Unicode char U+0176 (decimal 374)
   defining Unicode char U+0177 (decimal 375)
   defining Unicode char U+0218 (decimal 536)
   defining Unicode char U+0219 (decimal 537)
   defining Unicode char U+021A (decimal 538)
   defining Unicode char U+021B (decimal 539)
   defining Unicode char U+2013 (decimal 8211)
   defining Unicode char U+2014 (decimal 8212)
   defining Unicode char U+2018 (decimal 8216)
   defining Unicode char U+2019 (decimal 8217)
   defining Unicode char U+201C (decimal 8220)
   defining Unicode char U+201D (decimal 8221)
)
Now handling font encoding OMS ...
... processing UTF-8 mapping file for font encoding OMS

("C:\Igor\Programm\MikTex 2.9\tex\latex\base\omsenc.dfu"
File: omsenc.dfu 2016/02/28 v1.1s UTF-8 support for inputenc
   defining Unicode char U+00A7 (decimal 167)
   defining Unicode char U+00B6 (decimal 182)
   defining Unicode char U+00B7 (decimal 183)
   defining Unicode char U+2020 (decimal 8224)
   defining Unicode char U+2021 (decimal 8225)
   defining Unicode char U+2022 (decimal 8226)
)
Now handling font encoding OMX ...
... no UTF-8 mapping file for font encoding OMX
Now handling font encoding U ...
... no UTF-8 mapping file for font encoding U
Now handling font encoding T2A ...
... processing UTF-8 mapping file for font encoding T2A

("C:\Igor\Programm\MikTex 2.9\tex\latex\base\t2aenc.dfu"
File: t2aenc.dfu 2016/02/28 v1.1s UTF-8 support for inputenc
   defining Unicode char U+00A4 (decimal 164)
   defining Unicode char U+00A7 (decimal 167)
   defining Unicode char U+00AB (decimal 171)
   defining Unicode char U+00BB (decimal 187)
   defining Unicode char U+0131 (decimal 305)
   defining Unicode char U+0400 (decimal 1024)
   defining Unicode char U+0401 (decimal 1025)
   defining Unicode char U+0402 (decimal 1026)
   defining Unicode char U+0403 (decimal 1027)
   defining Unicode char U+0404 (decimal 1028)
   defining Unicode char U+0405 (decimal 1029)
   defining Unicode char U+0406 (decimal 1030)
   defining Unicode char U+0407 (decimal 1031)
   defining Unicode char U+0408 (decimal 1032)
   defining Unicode char U+0409 (decimal 1033)
   defining Unicode char U+040A (decimal 1034)
   defining Unicode char U+040B (decimal 1035)
   defining Unicode char U+040C (decimal 1036)
   defining Unicode char U+040D (decimal 1037)
   defining Unicode char U+040E (decimal 1038)
   defining Unicode char U+040F (decimal 1039)
   defining Unicode char U+0410 (decimal 1040)
   defining Unicode char U+0411 (decimal 1041)
   defining Unicode char U+0412 (decimal 1042)
   defining Unicode char U+0413 (decimal 1043)
   defining Unicode char U+0414 (decimal 1044)
   defining Unicode char U+0415 (decimal 1045)
   defining Unicode char U+0416 (decimal 1046)
   defining Unicode char U+0417 (decimal 1047)
   defining Unicode char U+0418 (decimal 1048)
   defining Unicode char U+0419 (decimal 1049)
   defining Unicode char U+041A (decimal 1050)
   defining Unicode char U+041B (decimal 1051)
   defining Unicode char U+041C (decimal 1052)
   defining Unicode char U+041D (decimal 1053)
   defining Unicode char U+041E (decimal 1054)
   defining Unicode char U+041F (decimal 1055)
   defining Unicode char U+0420 (decimal 1056)
   defining Unicode char U+0421 (decimal 1057)
   defining Unicode char U+0422 (decimal 1058)
   defining Unicode char U+0423 (decimal 1059)
   defining Unicode char U+0424 (decimal 1060)
   defining Unicode char U+0425 (decimal 1061)
   defining Unicode char U+0426 (decimal 1062)
   defining Unicode char U+0427 (decimal 1063)
   defining Unicode char U+0428 (decimal 1064)
   defining Unicode char U+0429 (decimal 1065)
   defining Unicode char U+042A (decimal 1066)
   defining Unicode char U+042B (decimal 1067)
   defining Unicode char U+042C (decimal 1068)
   defining Unicode char U+042D (decimal 1069)
   defining Unicode char U+042E (decimal 1070)
   defining Unicode char U+042F (decimal 1071)
   defining Unicode char U+0430 (decimal 1072)
   defining Unicode char U+0431 (decimal 1073)
   defining Unicode char U+0432 (decimal 1074)
   defining Unicode char U+0433 (decimal 1075)
   defining Unicode char U+0434 (decimal 1076)
   defining Unicode char U+0435 (decimal 1077)
   defining Unicode char U+0436 (decimal 1078)
   defining Unicode char U+0437 (decimal 1079)
   defining Unicode char U+0438 (decimal 1080)
   defining Unicode char U+0439 (decimal 1081)
   defining Unicode char U+043A (decimal 1082)
   defining Unicode char U+043B (decimal 1083)
   defining Unicode char U+043C (decimal 1084)
   defining Unicode char U+043D (decimal 1085)
   defining Unicode char U+043E (decimal 1086)
   defining Unicode char U+043F (decimal 1087)
   defining Unicode char U+0440 (decimal 1088)
   defining Unicode char U+0441 (decimal 1089)
   defining Unicode char U+0442 (decimal 1090)
   defining Unicode char U+0443 (decimal 1091)
   defining Unicode char U+0444 (decimal 1092)
   defining Unicode char U+0445 (decimal 1093)
   defining Unicode char U+0446 (decimal 1094)
   defining Unicode char U+0447 (decimal 1095)
   defining Unicode char U+0448 (decimal 1096)
   defining Unicode char U+0449 (decimal 1097)
   defining Unicode char U+044A (decimal 1098)
   defining Unicode char U+044B (decimal 1099)
   defining Unicode char U+044C (decimal 1100)
   defining Unicode char U+044D (decimal 1101)
   defining Unicode char U+044E (decimal 1102)
   defining Unicode char U+044F (decimal 1103)
   defining Unicode char U+0450 (decimal 1104)
   defining Unicode char U+0451 (decimal 1105)
   defining Unicode char U+0452 (decimal 1106)
   defining Unicode char U+0453 (decimal 1107)
   defining Unicode char U+0454 (decimal 1108)
   defining Unicode char U+0455 (decimal 1109)
   defining Unicode char U+0456 (decimal 1110)
   defining Unicode char U+0457 (decimal 1111)
   defining Unicode char U+0458 (decimal 1112)
   defining Unicode char U+0459 (decimal 1113)
   defining Unicode char U+045A (decimal 1114)
   defining Unicode char U+045B (decimal 1115)
   defining Unicode char U+045C (decimal 1116)
   defining Unicode char U+045D (decimal 1117)
   defining Unicode char U+045E (decimal 1118)
   defining Unicode char U+045F (decimal 1119)
   defining Unicode char U+0490 (decimal 1168)
   defining Unicode char U+0491 (decimal 1169)
   defining Unicode char U+0492 (decimal 1170)
   defining Unicode char U+0493 (decimal 1171)
   defining Unicode char U+0496 (decimal 1174)
   defining Unicode char U+0497 (decimal 1175)
   defining Unicode char U+0498 (decimal 1176)
   defining Unicode char U+0499 (decimal 1177)
   defining Unicode char U+049A (decimal 1178)
   defining Unicode char U+049B (decimal 1179)
   defining Unicode char U+049C (decimal 1180)
   defining Unicode char U+049D (decimal 1181)
   defining Unicode char U+04A0 (decimal 1184)
   defining Unicode char U+04A1 (decimal 1185)
   defining Unicode char U+04A2 (decimal 1186)
   defining Unicode char U+04A3 (decimal 1187)
   defining Unicode char U+04A4 (decimal 1188)
   defining Unicode char U+04A5 (decimal 1189)
   defining Unicode char U+04AA (decimal 1194)
   defining Unicode char U+04AB (decimal 1195)
   defining Unicode char U+04AE (decimal 1198)
   defining Unicode char U+04AF (decimal 1199)
   defining Unicode char U+04B0 (decimal 1200)
   defining Unicode char U+04B1 (decimal 1201)
   defining Unicode char U+04B2 (decimal 1202)
   defining Unicode char U+04B3 (decimal 1203)
   defining Unicode char U+04B6 (decimal 1206)
   defining Unicode char U+04B7 (decimal 1207)
   defining Unicode char U+04B8 (decimal 1208)
   defining Unicode char U+04B9 (decimal 1209)
   defining Unicode char U+04BA (decimal 1210)
   defining Unicode char U+04BB (decimal 1211)
   defining Unicode char U+04C0 (decimal 1216)
   defining Unicode char U+04C1 (decimal 1217)
   defining Unicode char U+04C2 (decimal 1218)
   defining Unicode char U+04D0 (decimal 1232)
   defining Unicode char U+04D1 (decimal 1233)
   defining Unicode char U+04D2 (decimal 1234)
   defining Unicode char U+04D3 (decimal 1235)
   defining Unicode char U+04D4 (decimal 1236)
   defining Unicode char U+04D5 (decimal 1237)
   defining Unicode char U+04D6 (decimal 1238)
   defining Unicode char U+04D7 (decimal 1239)
   defining Unicode char U+04D8 (decimal 1240)
   defining Unicode char U+04D9 (decimal 1241)
   defining Unicode char U+04DA (decimal 1242)
   defining Unicode char U+04DB (decimal 1243)
   defining Unicode char U+04DC (decimal 1244)
   defining Unicode char U+04DD (decimal 1245)
   defining Unicode char U+04DE (decimal 1246)
   defining Unicode char U+04DF (decimal 1247)
   defining Unicode char U+04E2 (decimal 1250)
   defining Unicode char U+04E3 (decimal 1251)
   defining Unicode char U+04E4 (decimal 1252)
   defining Unicode char U+04E5 (decimal 1253)
   defining Unicode char U+04E6 (decimal 1254)
   defining Unicode char U+04E7 (decimal 1255)
   defining Unicode char U+04E8 (decimal 1256)
   defining Unicode char U+04E9 (decimal 1257)
   defining Unicode char U+04EC (decimal 1260)
   defining Unicode char U+04ED (decimal 1261)
   defining Unicode char U+04EE (decimal 1262)
   defining Unicode char U+04EF (decimal 1263)
   defining Unicode char U+04F0 (decimal 1264)
   defining Unicode char U+04F1 (decimal 1265)
   defining Unicode char U+04F2 (decimal 1266)
   defining Unicode char U+04F3 (decimal 1267)
   defining Unicode char U+04F4 (decimal 1268)
   defining Unicode char U+04F5 (decimal 1269)
   defining Unicode char U+04F8 (decimal 1272)
   defining Unicode char U+04F9 (decimal 1273)
   defining Unicode char U+200C (decimal 8204)
   defining Unicode char U+2013 (decimal 8211)
   defining Unicode char U+2014 (decimal 8212)
   defining Unicode char U+2018 (decimal 8216)
   defining Unicode char U+2019 (decimal 8217)
   defining Unicode char U+201C (decimal 8220)
   defining Unicode char U+201D (decimal 8221)
   defining Unicode char U+201E (decimal 8222)
   defining Unicode char U+2030 (decimal 8240)
   defining Unicode char U+2031 (decimal 8241)
   defining Unicode char U+2116 (decimal 8470)
   defining Unicode char U+2329 (decimal 9001)
   defining Unicode char U+232A (decimal 9002)
   defining Unicode char U+2423 (decimal 9251)
)
   defining Unicode char U+00A9 (decimal 169)
   defining Unicode char U+00AA (decimal 170)
   defining Unicode char U+00AE (decimal 174)
   defining Unicode char U+00BA (decimal 186)
   defining Unicode char U+02C6 (decimal 710)
   defining Unicode char U+02DC (decimal 732)
   defining Unicode char U+200C (decimal 8204)
   defining Unicode char U+2026 (decimal 8230)
   defining Unicode char U+2122 (decimal 8482)
   defining Unicode char U+2423 (decimal 9251)
))
("C:\Igor\Programm\MikTex 2.9\tex\generic\babel\babel.sty"
Package: babel 2016/04/23 3.9r The Babel package

*************************************
* Local config file bblopts.cfg used
*
("C:\Igor\Programm\MikTex 2.9\tex\latex\arabi\bblopts.cfg"
File: bblopts.cfg 2005/09/08 v0.1 add Arabic and Farsi to "declared" options of
 babel
)
("C:\Igor\Programm\MikTex 2.9\tex\latex\babel-english\english.ldf"
Language: english 2017/01/24 v3.3q English support from the babel system

("C:\Igor\Programm\MikTex 2.9\tex\generic\babel\babel.def"
File: babel.def 2016/04/23 3.9r Babel common definitions
\babel@savecnt=\count87
\U@D=\dimen103
)
\l@canadian = a dialect from \language\l@american 
\l@australian = a dialect from \language\l@british 
\l@newzealand = a dialect from \language\l@british 
)
("C:\Igor\Programm\MikTex 2.9\tex\latex\babel-russian\russianb.ldf"
Language: russianb 2017/01/12 1.3i Russian support for the Babel system
Package babel Info: Making " an active character on input line 111.
))
("C:\Igor\Programm\MikTex 2.9\tex\latex\amsmath\amsmath.sty"
Package: amsmath 2016/11/05 v2.16a AMS math features
\@mathmargin=\skip43

For additional information on amsmath, use the `?' option.
("C:\Igor\Programm\MikTex 2.9\tex\latex\amsmath\amstext.sty"
Package: amstext 2000/06/29 v2.01 AMS text

("C:\Igor\Programm\MikTex 2.9\tex\latex\amsmath\amsgen.sty"
File: amsgen.sty 1999/11/30 v2.0 generic functions
\@emptytoks=\toks16
\ex@=\dimen104
))
("C:\Igor\Programm\MikTex 2.9\tex\latex\amsmath\amsbsy.sty"
Package: amsbsy 1999/11/29 v1.2d Bold Symbols
\pmbraise@=\dimen105
)
("C:\Igor\Programm\MikTex 2.9\tex\latex\amsmath\amsopn.sty"
Package: amsopn 2016/03/08 v2.02 operator names
)
\inf@bad=\count88
LaTeX Info: Redefining \frac on input line 213.
\uproot@=\count89
\leftroot@=\count90
LaTeX Info: Redefining \overline on input line 375.
\classnum@=\count91
\DOTSCASE@=\count92
LaTeX Info: Redefining \ldots on input line 472.
LaTeX Info: Redefining \dots on input line 475.
LaTeX Info: Redefining \cdots on input line 596.
\Mathstrutbox@=\box26
\strutbox@=\box27
\big@size=\dimen106
LaTeX Font Info:    Redeclaring font encoding OML on input line 712.
LaTeX Font Info:    Redeclaring font encoding OMS on input line 713.
\macc@depth=\count93
\c@MaxMatrixCols=\count94
\dotsspace@=\muskip10
\c@parentequation=\count95
\dspbrk@lvl=\count96
\tag@help=\toks17
\row@=\count97
\column@=\count98
\maxfields@=\count99
\andhelp@=\toks18
\eqnshift@=\dimen107
\alignsep@=\dimen108
\tagshift@=\dimen109
\tagwidth@=\dimen110
\totwidth@=\dimen111
\lineht@=\dimen112
\@envbody=\toks19
\multlinegap=\skip44
\multlinetaggap=\skip45
\mathdisplay@stack=\toks20
LaTeX Info: Redefining \[ on input line 2817.
LaTeX Info: Redefining \] on input line 2818.
)
("C:\Igor\Programm\MikTex 2.9\tex\latex\graphics\graphicx.sty"
Package: graphicx 2014/10/28 v1.0g Enhanced LaTeX Graphics (DPC,SPQR)

("C:\Igor\Programm\MikTex 2.9\tex\latex\graphics\keyval.sty"
Package: keyval 2014/10/28 v1.15 key=value parser (DPC)
\KV@toks@=\toks21
)
("C:\Igor\Programm\MikTex 2.9\tex\latex\graphics\graphics.sty"
Package: graphics 2016/10/09 v1.0u Standard LaTeX Graphics (DPC,SPQR)

("C:\Igor\Programm\MikTex 2.9\tex\latex\graphics\trig.sty"
Package: trig 2016/01/03 v1.10 sin cos tan (DPC)
)
("C:\Igor\Programm\MikTex 2.9\tex\latex\graphics-cfg\graphics.cfg"
File: graphics.cfg 2016/06/04 v1.11 sample graphics configuration
)
Package graphics Info: Driver file: pdftex.def on input line 99.

("C:\Igor\Programm\MikTex 2.9\tex\latex\graphics-def\pdftex.def"
File: pdftex.def 2017/01/12 v0.06k Graphics/color for pdfTeX

("C:\Igor\Programm\MikTex 2.9\tex\generic\oberdiek\infwarerr.sty"
Package: infwarerr 2016/05/16 v1.4 Providing info/warning/error messages (HO)
)
("C:\Igor\Programm\MikTex 2.9\tex\generic\oberdiek\ltxcmds.sty"
Package: ltxcmds 2016/05/16 v1.23 LaTeX kernel commands for general use (HO)
)
\Gread@gobject=\count100
))
\Gin@req@height=\dimen113
\Gin@req@width=\dimen114
)
("C:\Igor\Programm\MikTex 2.9\tex\latex\caption\subcaption.sty"
Package: subcaption 2016/05/22 v1.1-161 Sub-captions (AR)

("C:\Igor\Programm\MikTex 2.9\tex\latex\caption\caption.sty"
Package: caption 2016/02/21 v3.3-144 Customizing captions (AR)

("C:\Igor\Programm\MikTex 2.9\tex\latex\caption\caption3.sty"
Package: caption3 2016/05/22 v1.7-166 caption3 kernel (AR)
Package caption3 Info: TeX engine: e-TeX on input line 67.
\captionmargin=\dimen115
\captionmargin@=\dimen116
\captionwidth=\dimen117
\caption@tempdima=\dimen118
\caption@indent=\dimen119
\caption@parindent=\dimen120
\caption@hangindent=\dimen121
)
\c@ContinuedFloat=\count101
)
\c@subfigure=\count102
\c@subtable=\count103
)
("C:\Igor\Programm\MikTex 2.9\tex\latex\float\float.sty"
Package: float 2001/11/08 v1.3d Float enhancements (AL)
\c@float@type=\count104
\float@exts=\toks22
\float@box=\box28
\@float@everytoks=\toks23
\@floatcapt=\box29
)
("C:\Igor\Programm\MikTex 2.9\tex\latex\tools\tabularx.sty"
Package: tabularx 2016/02/03 v2.11 `tabularx' package (DPC)

("C:\Igor\Programm\MikTex 2.9\tex\latex\tools\array.sty"
Package: array 2016/10/06 v2.4d Tabular extension package (FMi)
\col@sep=\dimen122
\extrarowheight=\dimen123
\NC@list=\toks24
\extratabsurround=\skip46
\backup@length=\skip47
)
\TX@col@width=\dimen124
\TX@old@table=\dimen125
\TX@old@col=\dimen126
\TX@target=\dimen127
\TX@delta=\dimen128
\TX@cols=\count105
\TX@ftn=\toks25
)
("C:\Igor\Programm\MikTex 2.9\tex\latex\booktabs\booktabs.sty"
Package: booktabs 2005/04/14 v1.61803 publication quality tables
\heavyrulewidth=\dimen129
\lightrulewidth=\dimen130
\cmidrulewidth=\dimen131
\belowrulesep=\dimen132
\belowbottomsep=\dimen133
\aboverulesep=\dimen134
\abovetopsep=\dimen135
\cmidrulesep=\dimen136
\cmidrulekern=\dimen137
\defaultaddspace=\dimen138
\@cmidla=\count106
\@cmidlb=\count107
\@aboverulesep=\dimen139
\@belowrulesep=\dimen140
\@thisruleclass=\count108
\@lastruleclass=\count109
\@thisrulewidth=\dimen141
)
("C:\Igor\Programm\MikTex 2.9\tex\latex\geometry\geometry.sty"
Package: geometry 2010/09/12 v5.6 Page Geometry

("C:\Igor\Programm\MikTex 2.9\tex\generic\oberdiek\ifpdf.sty"
Package: ifpdf 2016/05/14 v3.1 Provides the ifpdf switch
)
("C:\Igor\Programm\MikTex 2.9\tex\generic\oberdiek\ifvtex.sty"
Package: ifvtex 2016/05/16 v1.6 Detect VTeX and its facilities (HO)
Package ifvtex Info: VTeX not detected.
)
("C:\Igor\Programm\MikTex 2.9\tex\generic\ifxetex\ifxetex.sty"
Package: ifxetex 2010/09/12 v0.6 Provides ifxetex conditional
)
\Gm@cnth=\count110
\Gm@cntv=\count111
\c@Gm@tempcnt=\count112
\Gm@bindingoffset=\dimen142
\Gm@wd@mp=\dimen143
\Gm@odd@mp=\dimen144
\Gm@even@mp=\dimen145
\Gm@layoutwidth=\dimen146
\Gm@layoutheight=\dimen147
\Gm@layouthoffset=\dimen148
\Gm@layoutvoffset=\dimen149
\Gm@dimlist=\toks26

("C:\Igor\Programm\MikTex 2.9\tex\latex\geometry\geometry.cfg")) (lab7.aux

LaTeX Warning: Label `tree' multiply defined.


LaTeX Warning: Label `four' multiply defined.


LaTeX Warning: Label `tree' multiply defined.


LaTeX Warning: Label `four' multiply defined.


LaTeX Warning: Label `tree' multiply defined.


LaTeX Warning: Label `four' multiply defined.


LaTeX Warning: Label `tree' multiply defined.


LaTeX Warning: Label `four' multiply defined.


LaTeX Warning: Label `tree' multiply defined.


LaTeX Warning: Label `one' multiply defined.


LaTeX Warning: Label `two' multiply defined.


LaTeX Warning: Label `tree' multiply defined.


LaTeX Warning: Label `two' multiply defined.


LaTeX Warning: Label `tree' multiply defined.


LaTeX Warning: Label `two' multiply defined.


LaTeX Warning: Label `tree' multiply defined.


LaTeX Warning: Label `two' multiply defined.


LaTeX Warning: Label `tree' multiply defined.


LaTeX Warning: Label `two' multiply defined.


LaTeX Warning: Label `tree' multiply defined.


LaTeX Warning: Label `two' multiply defined.


LaTeX Warning: Label `tree' multiply defined.


LaTeX Warning: Label `tab:my_label' multiply defined.


LaTeX Warning: Label `two' multiply defined.


LaTeX Warning: Label `tree' multiply defined.


LaTeX Warning: Label `two' multiply defined.


LaTeX Warning: Label `tree' multiply defined.


LaTeX Warning: Label `two' multiply defined.


LaTeX Warning: Label `tree' multiply defined.


LaTeX Warning: Label `tree' multiply defined.


LaTeX Warning: Label `two' multiply defined.


LaTeX Warning: Label `tree' multiply defined.


LaTeX Warning: Label `two' multiply defined.


LaTeX Warning: Label `tree' multiply defined.


LaTeX Warning: Label `two' multiply defined.


LaTeX Warning: Label `two' multiply defined.


LaTeX Warning: Label `tree' multiply defined.


LaTeX Warning: Label `tree' multiply defined.


LaTeX Warning: Label `tree' multiply defined.

)
\openout1 = `lab7.aux'.

LaTeX Font Info:    Checking defaults for OML/cmm/m/it on input line 17.
LaTeX Font Info:    ... okay on input line 17.
LaTeX Font Info:    Checking defaults for T1/cmr/m/n on input line 17.
LaTeX Font Info:    ... okay on input line 17.
LaTeX Font Info:    Checking defaults for OT1/cmr/m/n on input line 17.
LaTeX Font Info:    ... okay on input line 17.
LaTeX Font Info:    Checking defaults for OMS/cmsy/m/n on input line 17.
LaTeX Font Info:    ... okay on input line 17.
LaTeX Font Info:    Checking defaults for OMX/cmex/m/n on input line 17.
LaTeX Font Info:    ... okay on input line 17.
LaTeX Font Info:    Checking defaults for U/cmr/m/n on input line 17.
LaTeX Font Info:    ... okay on input line 17.
LaTeX Font Info:    Checking defaults for T2A/cmr/m/n on input line 17.
LaTeX Font Info:    ... okay on input line 17.
 ("C:\Igor\Programm\MikTex 2.9\tex\context\base\supp-pdf.mkii"
[Loading MPS to PDF converter (version 2006.09.02).]
\scratchcounter=\count113
\scratchdimen=\dimen150
\scratchbox=\box30
\nofMPsegments=\count114
\nofMParguments=\count115
\everyMPshowfont=\toks27
\MPscratchCnt=\count116
\MPscratchDim=\dimen151
\MPnumerator=\count117
\makeMPintoPDFobject=\count118
\everyMPtoPDFconversion=\toks28
) ("C:\Igor\Programm\MikTex 2.9\tex\generic\oberdiek\pdftexcmds.sty"
Package: pdftexcmds 2016/05/21 v0.22 Utility functions of pdfTeX for LuaTeX (HO
)

("C:\Igor\Programm\MikTex 2.9\tex\generic\oberdiek\ifluatex.sty"
Package: ifluatex 2016/05/16 v1.4 Provides the ifluatex switch (HO)
Package ifluatex Info: LuaTeX not detected.
)
Package pdftexcmds Info: LuaTeX not detected.
Package pdftexcmds Info: \pdf@primitive is available.
Package pdftexcmds Info: \pdf@ifprimitive is available.
Package pdftexcmds Info: \pdfdraftmode found.
)
("C:\Igor\Programm\MikTex 2.9\tex\latex\oberdiek\epstopdf-base.sty"
Package: epstopdf-base 2016/05/15 v2.6 Base part for package epstopdf

("C:\Igor\Programm\MikTex 2.9\tex\latex\oberdiek\grfext.sty"
Package: grfext 2016/05/16 v1.2 Manage graphics extensions (HO)

("C:\Igor\Programm\MikTex 2.9\tex\generic\oberdiek\kvdefinekeys.sty"
Package: kvdefinekeys 2016/05/16 v1.4 Define keys (HO)
))
("C:\Igor\Programm\MikTex 2.9\tex\latex\oberdiek\kvoptions.sty"
Package: kvoptions 2016/05/16 v3.12 Key value format for package options (HO)

("C:\Igor\Programm\MikTex 2.9\tex\generic\oberdiek\kvsetkeys.sty"
Package: kvsetkeys 2016/05/16 v1.17 Key value parser (HO)

("C:\Igor\Programm\MikTex 2.9\tex\generic\oberdiek\etexcmds.sty"
Package: etexcmds 2016/05/16 v1.6 Avoid name clashes with e-TeX commands (HO)
Package etexcmds Info: Could not find \expanded.
(etexcmds)             That can mean that you are not using pdfTeX 1.50 or
(etexcmds)             that some package has redefined \expanded.
(etexcmds)             In the latter case, load this package earlier.
)))
Package epstopdf-base Info: Redefining graphics rule for `.eps' on input line 4
38.
Package grfext Info: Graphics extension search list:
(grfext)             [.png,.pdf,.jpg,.mps,.jpeg,.jbig2,.jb2,.PNG,.PDF,.JPG,.JPE
G,.JBIG2,.JB2,.eps]
(grfext)             \AppendGraphicsExtensions on input line 456.
)
Package caption Info: Begin \AtBeginDocument code.
Package caption Info: float package is loaded.
Package caption Info: End \AtBeginDocument code.

*geometry* driver: auto-detecting
*geometry* detected driver: pdftex
*geometry* verbose mode - [ preamble ] result:
* driver: pdftex
* paper: a4paper
* layout: <same size as paper>
* layoutoffset:(h,v)=(0.0pt,0.0pt)
* modes: 
* h-part:(L,W,R)=(56.9055pt, 497.92325pt, 42.67912pt)
* v-part:(T,H,B)=(42.67912pt, 759.6886pt, 42.67912pt)
* \paperwidth=597.50787pt
* \paperheight=845.04684pt
* \textwidth=497.92325pt
* \textheight=759.6886pt
* \oddsidemargin=-15.36449pt
* \evensidemargin=-15.36449pt
* \topmargin=-29.59087pt
* \headheight=0.0pt
* \headsep=0.0pt
* \topskip=11.0pt
* \footskip=28.45274pt
* \marginparwidth=50.0pt
* \marginparsep=10.0pt
* \columnsep=10.0pt
* \skip\footins=10.0pt plus 4.0pt minus 2.0pt
* \hoffset=0.0pt
* \voffset=0.0pt
* \mag=1000
* \@twocolumnfalse
* \@twosidefalse
* \@mparswitchfalse
* \@reversemarginfalse
* (1in=72.27pt=25.4mm, 1cm=28.453pt)

LaTeX Font Info:    Calculating math sizes for size <14> on input line 27.

LaTeX Font Warning: Font shape `T2A/cmr/m/n' in size <20> not available
(Font)              size <20.74> substituted on input line 30.


LaTeX Font Warning: Font shape `T2A/cmr/bx/n' in size <20> not available
(Font)              size <20.74> substituted on input line 30.

[1

{C:/ProgramData/MiKTeX/2.9/pdftex/config/pdftex.map}]
<1.jpg, id=11, 365.86688pt x 128.48pt>
File: 1.jpg Graphic file (type jpg)
 <use 1.jpg>
Package pdftex.def Info: 1.jpg used on input line 56.
(pdftex.def)             Requested size: 497.92325pt x 174.86378pt.

Underfull \hbox (badness 10000) in paragraph at lines 61--63

 []

<1/1_y_a2_k1.jpg, id=12, 1907.125pt x 611.28375pt>
File: 1/1_y_a2_k1.jpg Graphic file (type jpg)
 <use 1/1_y_a2_k1.jpg>
Package pdftex.def Info: 1/1_y_a2_k1.jpg used on input line 67.
(pdftex.def)             Requested size: 497.92325pt x 159.59227pt.

<1/1_e_a2_k1.jpg, id=13, 1907.125pt x 611.28375pt>
File: 1/1_e_a2_k1.jpg Graphic file (type jpg)
 <use 1/1_e_a2_k1.jpg>
Package pdftex.def Info: 1/1_e_a2_k1.jpg used on input line 75.
(pdftex.def)             Requested size: 497.92325pt x 159.59227pt.

[1 <./1.jpg> <./1/1_y_a2_k1.jpg> <./1/1_e_a2_k1.jpg>]
Underfull \hbox (badness 10000) in paragraph at lines 84--86

 []

<1/1_y_a2_k5.jpg, id=24, 1907.125pt x 611.28375pt>
File: 1/1_y_a2_k5.jpg Graphic file (type jpg)
 <use 1/1_y_a2_k5.jpg>
Package pdftex.def Info: 1/1_y_a2_k5.jpg used on input line 89.
(pdftex.def)             Requested size: 497.92325pt x 159.59227pt.

<1/1_e_a2_k5.jpg, id=25, 1907.125pt x 611.28375pt>
File: 1/1_e_a2_k5.jpg Graphic file (type jpg)
 <use 1/1_e_a2_k5.jpg>
Package pdftex.def Info: 1/1_e_a2_k5.jpg used on input line 95.
(pdftex.def)             Requested size: 497.92325pt x 159.59227pt.

Underfull \hbox (badness 10000) in paragraph at lines 100--103

 []

<1/1_y_a2_k10.jpg, id=26, 1907.125pt x 611.28375pt>
File: 1/1_y_a2_k10.jpg Graphic file (type jpg)
 <use 1/1_y_a2_k10.jpg>
Package pdftex.def Info: 1/1_y_a2_k10.jpg used on input line 106.
(pdftex.def)             Requested size: 497.92325pt x 159.59227pt.

[2 <./1/1_y_a2_k5.jpg> <./1/1_e_a2_k5.jpg> <./1/1_y_a2_k10.jpg>]
<1/1_e_a2_k10.jpg, id=30, 1907.125pt x 611.28375pt>
File: 1/1_e_a2_k10.jpg Graphic file (type jpg)
 <use 1/1_e_a2_k10.jpg>
Package pdftex.def Info: 1/1_e_a2_k10.jpg used on input line 114.
(pdftex.def)             Requested size: 497.92325pt x 159.59227pt.

Underfull \hbox (badness 10000) in paragraph at lines 137--138

 []

<1/7.jpg, id=31, 1907.125pt x 611.28375pt>
File: 1/7.jpg Graphic file (type jpg)
 <use 1/7.jpg>
Package pdftex.def Info: 1/7.jpg used on input line 142.
(pdftex.def)             Requested size: 497.92325pt x 159.59227pt.

<1/8.jpg, id=32, 1907.125pt x 611.28375pt>
File: 1/8.jpg Graphic file (type jpg)
 <use 1/8.jpg>
Package pdftex.def Info: 1/8.jpg used on input line 148.
(pdftex.def)             Requested size: 497.92325pt x 159.59227pt.
 [3 <./1/1_e_a2_k10.jpg> <./1/7.jpg> <./1/8.jpg>] <1/9.jpg, id=38, 1907.125pt x
 611.28375pt>
File: 1/9.jpg Graphic file (type jpg)

<use 1/9.jpg>
Package pdftex.def Info: 1/9.jpg used on input line 158.
(pdftex.def)             Requested size: 497.92325pt x 159.59227pt.
 <1/10.jpg, id=39, 1907.125pt x 611.28375pt>
File: 1/10.jpg Graphic file (type jpg)
 <use 1/10.jpg>
Package pdftex.def Info: 1/10.jpg used on input line 164.
(pdftex.def)             Requested size: 497.92325pt x 159.59227pt.

<1/11.jpg, id=40, 1907.125pt x 611.28375pt>
File: 1/11.jpg Graphic file (type jpg)
 <use 1/11.jpg>
Package pdftex.def Info: 1/11.jpg used on input line 172.
(pdftex.def)             Requested size: 497.92325pt x 159.59227pt.
 [4 <./1/9.jpg> <./1/10.jpg> <./1/11.jpg>] <1/12.jpg, id=44, 1907.125pt x 611.2
8375pt>
File: 1/12.jpg Graphic file (type jpg)

<use 1/12.jpg>
Package pdftex.def Info: 1/12.jpg used on input line 180.
(pdftex.def)             Requested size: 497.92325pt x 159.59227pt.

Underfull \hbox (badness 10000) in paragraph at lines 187--188

 []

[5 <./1/12.jpg>]
Overfull \hbox (12.71893pt too wide) in paragraph at lines 194--195
 \T2A/cmr/bx/n/10.95 »с-сле-до-ва-ние си-сте-мы с аста-тиз-мом пер-во-го по-р€д
-ка.[] \T2A/cmr/m/n/10.95 »с-сле-ду-е-ма€ си-сте-ма: $\OML/cmm/m/it/12 W\OT1/cm
r/m/n/12 (\OML/cmm/m/it/12 s\OT1/cmr/m/n/12 ) = []$ 
 []

<2.jpg, id=50, 373.395pt x 128.48pt>
File: 2.jpg Graphic file (type jpg)
 <use 2.jpg>
Package pdftex.def Info: 2.jpg used on input line 198.
(pdftex.def)             Requested size: 497.92325pt x 171.33694pt.

Underfull \hbox (badness 10000) in paragraph at lines 204--205

 []

<2/2_13.jpg, id=51, 1907.125pt x 611.28375pt>
File: 2/2_13.jpg Graphic file (type jpg)
 <use 2/2_13.jpg>
Package pdftex.def Info: 2/2_13.jpg used on input line 209.
(pdftex.def)             Requested size: 497.92325pt x 159.59227pt.

<2/14.jpg, id=52, 1907.125pt x 611.28375pt>
File: 2/14.jpg Graphic file (type jpg)
 <use 2/14.jpg>
Package pdftex.def Info: 2/14.jpg used on input line 214.
(pdftex.def)             Requested size: 497.92325pt x 159.59227pt.
 [6 <./2.jpg> <./2/2_13.jpg> <./2/14.jpg>]
Underfull \hbox (badness 10000) in paragraph at lines 221--222

 []

<2/15.jpg, id=57, 1907.125pt x 611.28375pt>
File: 2/15.jpg Graphic file (type jpg)
 <use 2/15.jpg>
Package pdftex.def Info: 2/15.jpg used on input line 226.
(pdftex.def)             Requested size: 497.92325pt x 159.59227pt.

<2/16_e_k5_a2.jpg, id=58, 1907.125pt x 611.28375pt>
File: 2/16_e_k5_a2.jpg Graphic file (type jpg)
 <use 2/16_e_k5_a2.jpg>
Package pdftex.def Info: 2/16_e_k5_a2.jpg used on input line 231.
(pdftex.def)             Requested size: 497.92325pt x 159.59227pt.

Underfull \hbox (badness 10000) in paragraph at lines 236--237

 []

<2/17_y_k10_a2.jpg, id=59, 1907.125pt x 611.28375pt>
File: 2/17_y_k10_a2.jpg Graphic file (type jpg)
 <use 2/17_y_k10_a2.jpg>
Package pdftex.def Info: 2/17_y_k10_a2.jpg used on input line 241.
(pdftex.def)             Requested size: 497.92325pt x 159.59227pt.

[7 <./2/15.jpg> <./2/16_e_k5_a2.jpg> <./2/17_y_k10_a2.jpg>]
<2/18_e_k10_a2.jpg, id=63, 1907.125pt x 611.28375pt>
File: 2/18_e_k10_a2.jpg Graphic file (type jpg)
 <use 2/18_e_k10_a2.jpg>
Package pdftex.def Info: 2/18_e_k10_a2.jpg used on input line 249.
(pdftex.def)             Requested size: 497.92325pt x 159.59227pt.

Underfull \hbox (badness 10000) in paragraph at lines 254--255

 []


Underfull \hbox (badness 10000) in paragraph at lines 256--257

 []


Underfull \hbox (badness 10000) in paragraph at lines 258--259

 []


Underfull \hbox (badness 10000) in paragraph at lines 262--263

 []

<2/19_y_k1_2t.jpg, id=64, 1907.125pt x 611.28375pt>
File: 2/19_y_k1_2t.jpg Graphic file (type jpg)
 <use 2/19_y_k1_2t.jpg>
Package pdftex.def Info: 2/19_y_k1_2t.jpg used on input line 267.
(pdftex.def)             Requested size: 497.92325pt x 159.59227pt.

<2/20_e_k1_2t.jpg, id=65, 1907.125pt x 611.28375pt>
File: 2/20_e_k1_2t.jpg Graphic file (type jpg)
 <use 2/20_e_k1_2t.jpg>
Package pdftex.def Info: 2/20_e_k1_2t.jpg used on input line 273.
(pdftex.def)             Requested size: 497.92325pt x 159.59227pt.

[8 <./2/18_e_k10_a2.jpg> <./2/19_y_k1_2t.jpg> <./2/20_e_k1_2t.jpg>]
Underfull \hbox (badness 10000) in paragraph at lines 280--281

 []

<2/21_y_k5_2t.jpg, id=69, 1907.125pt x 611.28375pt>
File: 2/21_y_k5_2t.jpg Graphic file (type jpg)
 <use 2/21_y_k5_2t.jpg>
Package pdftex.def Info: 2/21_y_k5_2t.jpg used on input line 285.
(pdftex.def)             Requested size: 497.92325pt x 159.59227pt.

<2/22_e_k5_2t.jpg, id=70, 1907.125pt x 611.28375pt>
File: 2/22_e_k5_2t.jpg Graphic file (type jpg)
 <use 2/22_e_k5_2t.jpg>
Package pdftex.def Info: 2/22_e_k5_2t.jpg used on input line 291.
(pdftex.def)             Requested size: 497.92325pt x 159.59227pt.

Underfull \hbox (badness 10000) in paragraph at lines 296--297

 []

<2/23_y_k10_2t.jpg, id=71, 1907.125pt x 611.28375pt>
File: 2/23_y_k10_2t.jpg Graphic file (type jpg)
 <use 2/23_y_k10_2t.jpg>
Package pdftex.def Info: 2/23_y_k10_2t.jpg used on input line 301.
(pdftex.def)             Requested size: 497.92325pt x 159.59227pt.

[9 <./2/21_y_k5_2t.jpg> <./2/22_e_k5_2t.jpg> <./2/23_y_k10_2t.jpg>]
<2/24_e_k10_2t.jpg, id=75, 1907.125pt x 611.28375pt>
File: 2/24_e_k10_2t.jpg Graphic file (type jpg)
 <use 2/24_e_k10_2t.jpg>
Package pdftex.def Info: 2/24_e_k10_2t.jpg used on input line 309.
(pdftex.def)             Requested size: 497.92325pt x 159.59227pt.

Underfull \hbox (badness 10000) in paragraph at lines 314--315

 []


Underfull \hbox (badness 10000) in paragraph at lines 330--331

 []


Underfull \hbox (badness 10000) in paragraph at lines 334--335

 []

<2/25_y_k1_0,5t2.jpg, id=76, 1907.125pt x 611.28375pt>
File: 2/25_y_k1_0,5t2.jpg Graphic file (type jpg)

<use 2/25_y_k1_0,5t2.jpg>
Package pdftex.def Info: 2/25_y_k1_0,5t2.jpg used on input line 340.
(pdftex.def)             Requested size: 497.92325pt x 159.59227pt.
 [10 <./2/24_e_k10_2t.jpg> <./2/25_y_k1_0,5t2.jpg>]
<2/26_e_k1_0,5t2.jpg, id=80, 1907.125pt x 611.28375pt>
File: 2/26_e_k1_0,5t2.jpg Graphic file (type jpg)

<use 2/26_e_k1_0,5t2.jpg>
Package pdftex.def Info: 2/26_e_k1_0,5t2.jpg used on input line 348.
(pdftex.def)             Requested size: 497.92325pt x 159.59227pt.

<2/27_y_k5_0,5t2.jpg, id=81, 1907.125pt x 611.28375pt>
File: 2/27_y_k5_0,5t2.jpg Graphic file (type jpg)

<use 2/27_y_k5_0,5t2.jpg>
Package pdftex.def Info: 2/27_y_k5_0,5t2.jpg used on input line 356.
(pdftex.def)             Requested size: 497.92325pt x 159.59227pt.

<2/28_e_k5_0,5t2.jpg, id=82, 1907.125pt x 611.28375pt>
File: 2/28_e_k5_0,5t2.jpg Graphic file (type jpg)

<use 2/28_e_k5_0,5t2.jpg>
Package pdftex.def Info: 2/28_e_k5_0,5t2.jpg used on input line 362.
(pdftex.def)             Requested size: 497.92325pt x 159.59227pt.
 [11 <./2/26_e_k1_0,5t2.jpg> <./2/27_y_k5_0,5t2.jpg> <./2/28_e_k5_0,5t2.jpg>]
<2/29_y_k10_0,5t2.jpg, id=86, 1907.125pt x 611.28375pt>
File: 2/29_y_k10_0,5t2.jpg Graphic file (type jpg)

<use 2/29_y_k10_0,5t2.jpg>
Package pdftex.def Info: 2/29_y_k10_0,5t2.jpg used on input line 372.
(pdftex.def)             Requested size: 497.92325pt x 159.59227pt.

<2/30_e_k10_0,5t2.jpg, id=87, 1907.125pt x 611.28375pt>
File: 2/30_e_k10_0,5t2.jpg Graphic file (type jpg)

<use 2/30_e_k10_0,5t2.jpg>
Package pdftex.def Info: 2/30_e_k10_0,5t2.jpg used on input line 378.
(pdftex.def)             Requested size: 497.92325pt x 159.59227pt.
 [12 <./2/29_y_k10_0,5t2.jpg> <./2/30_e_k10_0,5t2.jpg>] <3.jpg, id=92, 411.5375
pt x 170.6375pt>
File: 3.jpg Graphic file (type jpg)
 <use 3.jpg>
Package pdftex.def Info: 3.jpg used on input line 388.
(pdftex.def)             Requested size: 497.92325pt x 206.45638pt.

<3/31.jpg, id=93, 1907.125pt x 611.28375pt>
File: 3/31.jpg Graphic file (type jpg)
 <use 3/31.jpg>
Package pdftex.def Info: 3/31.jpg used on input line 396.
(pdftex.def)             Requested size: 497.92325pt x 159.59227pt.

<3/32.jpg, id=94, 1907.125pt x 611.28375pt>
File: 3/32.jpg Graphic file (type jpg)
 <use 3/32.jpg>
Package pdftex.def Info: 3/32.jpg used on input line 402.
(pdftex.def)             Requested size: 497.92325pt x 159.59227pt.
 [13 <./3.jpg> <./3/31.jpg> <./3/32.jpg>] <3/33.jpg, id=98, 1907.125pt x 611.28
375pt>
File: 3/33.jpg Graphic file (type jpg)

<use 3/33.jpg>
Package pdftex.def Info: 3/33.jpg used on input line 412.
(pdftex.def)             Requested size: 497.92325pt x 159.59227pt.
 <3/34.jpg, id=99, 1907.125pt x 611.28375pt>
File: 3/34.jpg Graphic file (type jpg)
 <use 3/34.jpg>
Package pdftex.def Info: 3/34.jpg used on input line 418.
(pdftex.def)             Requested size: 497.92325pt x 159.59227pt.

[14 <./3/33.jpg> <./3/34.jpg>] <4.jpg, id=103, 502.87875pt x 164.615pt>
File: 4.jpg Graphic file (type jpg)

<use 4.jpg>
Package pdftex.def Info: 4.jpg used on input line 432.
(pdftex.def)             Requested size: 497.92325pt x 162.99194pt.
 <4/35_y.jpg, id=104, 1907.125pt x 605.26125pt>
File: 4/35_y.jpg Graphic file (type jpg)
 <use 4/35_y.jpg>
Package pdftex.def Info: 4/35_y.jpg used on input line 438.
(pdftex.def)             Requested size: 497.92325pt x 158.01993pt.

<4/36_e.jpg, id=105, 1907.125pt x 605.26125pt>
File: 4/36_e.jpg Graphic file (type jpg)
 <use 4/36_e.jpg>
Package pdftex.def Info: 4/36_e.jpg used on input line 444.
(pdftex.def)             Requested size: 497.92325pt x 158.01993pt.
 [15 <./4.jpg> <./4/35_y.jpg> <./4/36_e.jpg>]
Underfull \hbox (badness 10000) in paragraph at lines 451--452

 []


Underfull \hbox (badness 10000) in paragraph at lines 453--454

 []


Underfull \hbox (badness 10000) in paragraph at lines 455--460

 []


Underfull \hbox (badness 10000) in paragraph at lines 455--460

 []

<teylor.jpg, id=109, 251.43938pt x 91.34125pt>
File: teylor.jpg Graphic file (type jpg)
 <use teylor.jpg>
Package pdftex.def Info: teylor.jpg used on input line 462.
(pdftex.def)             Requested size: 497.92325pt x 180.88269pt.

<4/37_e_teylor.jpg, id=110, 1907.125pt x 611.28375pt>
File: 4/37_e_teylor.jpg Graphic file (type jpg)
 <use 4/37_e_teylor.jpg>
Package pdftex.def Info: 4/37_e_teylor.jpg used on input line 470.
(pdftex.def)             Requested size: 497.92325pt x 159.59227pt.

[16 <./teylor.jpg> <./4/37_e_teylor.jpg>] [17] (lab7.aux)

LaTeX Font Warning: Size substitutions with differences
(Font)              up to 0.74pt have occurred.


LaTeX Warning: There were multiply-defined labels.

 ) 
Here is how much of TeX's memory you used:
 5590 strings out of 493333
 76423 string characters out of 3139179
 147951 words of memory out of 3000000
 8976 multiletter control sequences out of 15000+200000
 17883 words of font info for 46 fonts, out of 3000000 for 9000
 1141 hyphenation exceptions out of 8191
 42i,10n,40p,1034b,330s stack positions out of 5000i,500n,10000p,200000b,50000s
 <C:\Users\–Ш–≥–Њ—А—М\AppData\Local\MiKTeX\2.9\fonts\pk\ljfour\unknown\unknow
n\dpi600\larm1200.pk> <C:\Users\–Ш–≥–Њ—А—М\AppData\Local\MiKTeX\2.9\fonts\pk\lj
four\lh\lh-t2a\dpi600\labx1095.pk> <C:\Users\–Ш–≥–Њ—А—М\AppData\Local\MiKTeX\2.
9\fonts\pk\ljfour\lh\lh-t2a\dpi600\larm0800.pk> <C:\Users\–Ш–≥–Њ—А—М\AppData\Lo
cal\MiKTeX\2.9\fonts\pk\ljfour\lh\lh-t2a\dpi600\larm1095.pk> <C:\Users\–Ш–≥–Њ—А
—М\AppData\Local\MiKTeX\2.9\fonts\pk\ljfour\lh\lh-t2a\dpi600\labx2074.pk> <C:\U
sers\–Ш–≥–Њ—А—М\AppData\Local\MiKTeX\2.9\fonts\pk\ljfour\lh\lh-t2a\dpi600\larm1
440.pk> <C:\Users\–Ш–≥–Њ—А—М\AppData\Local\MiKTeX\2.9\fonts\pk\ljfour\lh\lh-t2a
\dpi600\larm0700.pk> <C:\Users\–Ш–≥–Њ—А—М\AppData\Local\MiKTeX\2.9\fonts\pk\ljf
our\lh\lh-t2a\dpi600\labx1200.pk><C:/Igor/Programm/MikTex 2.9/fonts/type1/publi
c/amsfonts/cm/cmmi10.pfb><C:/Igor/Programm/MikTex 2.9/fonts/type1/public/amsfon
ts/cm/cmmi12.pfb><C:/Igor/Programm/MikTex 2.9/fonts/type1/public/amsfonts/cm/cm
mi8.pfb><C:/Igor/Programm/MikTex 2.9/fonts/type1/public/amsfonts/cm/cmr10.pfb><
C:/Igor/Programm/MikTex 2.9/fonts/type1/public/amsfonts/cm/cmr12.pfb><C:/Igor/P
rogramm/MikTex 2.9/fonts/type1/public/amsfonts/cm/cmr6.pfb><C:/Igor/Programm/Mi
kTex 2.9/fonts/type1/public/amsfonts/cm/cmr8.pfb><C:/Igor/Programm/MikTex 2.9/f
onts/type1/public/amsfonts/cm/cmsy10.pfb><C:/Igor/Programm/MikTex 2.9/fonts/typ
e1/public/amsfonts/cm/cmsy8.pfb>
Output written on lab7.pdf (18 pages, 2168435 bytes).
PDF statistics:
 457 PDF objects out of 1000 (max. 8388607)
 0 named destinations out of 1000 (max. 500000)
 211 words of extra memory for PDF output out of 10000 (max. 10000000)

